<?xml version="1.0" encoding="UTF-8"?>
<coverage generated="1785710800243" clover="3.2.0">
  <project timestamp="1785710800243" name="All files">
    <metrics statements="27" coveredstatements="27" conditionals="7" coveredconditionals="5" methods="10" coveredmethods="10" elements="44" coveredelements="42" complexity="0" loc="27" ncloc="27" packages="3" files="6" classes="6"/>
    <package name="src">
      <metrics statements="11" coveredstatements="11" conditionals="2" coveredconditionals="1" methods="3" coveredmethods="3"/>
      <file name="FirstStepsApp.tsx" path="/mnt/c/Users/Noxi-PC/Documents/CURSOS/REACT JS/Curso React JS Fernando Herrera Udemy/React/02-first-steps/src/FirstStepsApp.tsx">
        <metrics statements="3" coveredstatements="3" conditionals="0" coveredconditionals="0" methods="2" coveredmethods="2"/>
        <line num="7" count="1" type="stmt"/>
        <line num="14" count="3" type="stmt"/>
        <line num="19" count="9" type="stmt"/>
      </file>
      <file name="MyAwesomeApp.tsx" path="/mnt/c/Users/Noxi-PC/Documents/CURSOS/REACT JS/Curso React JS Fernando Herrera Udemy/React/02-first-steps/src/MyAwesomeApp.tsx">
        <metrics statements="8" coveredstatements="8" conditionals="2" coveredconditionals="1" methods="1" coveredmethods="1"/>
        <line num="3" count="1" type="stmt"/>
        <line num="4" count="1" type="stmt"/>
        <line num="6" count="1" type="stmt"/>
        <line num="7" count="1" type="stmt"/>
        <line num="9" count="1" type="stmt"/>
        <line num="14" count="1" type="stmt"/>
        <line num="21" count="1" type="stmt"/>
        <line num="22" count="4" type="stmt"/>
      </file>
    </package>
    <package name="src.helpers">
      <metrics statements="8" coveredstatements="8" conditionals="0" coveredconditionals="0" methods="4" coveredmethods="4"/>
      <file name="math.helper.ts" path="/mnt/c/Users/Noxi-PC/Documents/CURSOS/REACT JS/Curso React JS Fernando Herrera Udemy/React/02-first-steps/src/helpers/math.helper.ts">
        <metrics statements="8" coveredstatements="8" conditionals="0" coveredconditionals="0" methods="4" coveredmethods="4"/>
        <line num="1" count="1" type="stmt"/>
        <line num="4" count="2" type="stmt"/>
        <line num="7" count="1" type="stmt"/>
        <line num="8" count="2" type="stmt"/>
        <line num="11" count="1" type="stmt"/>
        <line num="12" count="4" type="stmt"/>
        <line num="16" count="1" type="stmt"/>
        <line num="17" count="1" type="stmt"/>
      </file>
    </package>
    <package name="src.shopping-cart">
      <metrics statements="8" coveredstatements="8" conditionals="5" coveredconditionals="4" methods="3" coveredmethods="3"/>
      <file name="ItemCounter.css" path="/mnt/c/Users/Noxi-PC/Documents/CURSOS/REACT JS/Curso React JS Fernando Herrera Udemy/React/02-first-steps/src/shopping-cart/ItemCounter.css">
        <metrics statements="0" coveredstatements="0" conditionals="0" coveredconditionals="0" methods="0" coveredmethods="0"/>
      </file>
      <file name="ItemCounter.module.css" path="/mnt/c/Users/Noxi-PC/Documents/CURSOS/REACT JS/Curso React JS Fernando Herrera Udemy/React/02-first-steps/src/shopping-cart/ItemCounter.module.css">
        <metrics statements="0" coveredstatements="0" conditionals="0" coveredconditionals="0" methods="0" coveredmethods="0"/>
      </file>
      <file name="ItemCounter.tsx" path="/mnt/c/Users/Noxi-PC/Documents/CURSOS/REACT JS/Curso React JS Fernando Herrera Udemy/React/02-first-steps/src/shopping-cart/ItemCounter.tsx">
        <metrics statements="8" coveredstatements="8" conditionals="5" coveredconditionals="4" methods="3" coveredmethods="3"/>
        <line num="16" count="1" type="cond" truecount="1" falsecount="0"/>
        <line num="19" count="10" type="stmt"/>
        <line num="22" count="10" type="stmt"/>
        <line num="23" count="2" type="stmt"/>
        <line num="26" count="10" type="stmt"/>
        <line num="27" count="1" type="cond" truecount="1" falsecount="1"/>
        <line num="29" count="1" type="stmt"/>
        <line num="32" count="10" type="stmt"/>
      </file>
    </package>
  </project>
</coverage>
