{"/mnt/c/Users/Noxi-PC/Documents/CURSOS/REACT JS/Curso React JS Fernando Herrera Udemy/React/02-first-steps/src/FirstStepsApp.tsx": {"path":"/mnt/c/Users/Noxi-PC/Documents/CURSOS/REACT JS/Curso React JS Fernando Herrera Udemy/React/02-first-steps/src/FirstStepsApp.tsx","statementMap":{"0":{"start":{"line":7,"column":34},"end":{"line":11,"column":null}},"1":{"start":{"line":14,"column":2},"end":{"line":19,"column":41}},"2":{"start":{"line":19,"column":10},"end":{"line":19,"column":41}}},"fnMap":{"0":{"name":"FirstStepsApp","decl":{"start":{"line":13,"column":16},"end":{"line":13,"column":null}},"loc":{"start":{"line":13,"column":16},"end":{"line":27,"column":null}},"line":13},"1":{"name":"(anonymous_1)","decl":{"start":{"line":18,"column":24},"end":{"line":18,"column":25}},"loc":{"start":{"line":19,"column":10},"end":{"line":19,"column":41}},"line":19}},"branchMap":{},"s":{"0":1,"1":3,"2":9},"f":{"0":3,"1":9},"b":{},"meta":{"lastBranch":0,"lastFunction":2,"lastStatement":3,"seen":{"s:7:34:11:Infinity":0,"f:13:16:13:Infinity":0,"s:14:2:19:41":1,"f:18:24:18:25":1,"s:19:10:19:41":2},"fnNames":{}}}
,"/mnt/c/Users/Noxi-PC/Documents/CURSOS/REACT JS/Curso React JS Fernando Herrera Udemy/React/02-first-steps/src/MyAwesomeApp.tsx": {"path":"/mnt/c/Users/Noxi-PC/Documents/CURSOS/REACT JS/Curso React JS Fernando Herrera Udemy/React/02-first-steps/src/MyAwesomeApp.tsx","statementMap":{"0":{"start":{"line":3,"column":18},"end":{"line":3,"column":null}},"1":{"start":{"line":4,"column":17},"end":{"line":4,"column":null}},"2":{"start":{"line":6,"column":22},"end":{"line":6,"column":null}},"3":{"start":{"line":7,"column":17},"end":{"line":7,"column":null}},"4":{"start":{"line":9,"column":16},"end":{"line":12,"column":null}},"5":{"start":{"line":14,"column":32},"end":{"line":19,"column":null}},"6":{"start":{"line":21,"column":28},"end":{"line":36,"column":2}},"7":{"start":{"line":22,"column":2},"end":{"line":32,"column":null}}},"fnMap":{"0":{"name":"(anonymous_0)","decl":{"start":{"line":21,"column":28},"end":{"line":21,"column":null}},"loc":{"start":{"line":21,"column":28},"end":{"line":36,"column":2}},"line":21}},"branchMap":{"0":{"loc":{"start":{"line":30,"column":11},"end":{"line":30,"column":null}},"type":"cond-expr","locations":[{"start":{"line":30,"column":22},"end":{"line":30,"column":33}},{"start":{"line":30,"column":33},"end":{"line":30,"column":null}}],"line":30}},"s":{"0":1,"1":1,"2":1,"3":1,"4":1,"5":1,"6":1,"7":4},"f":{"0":4},"b":{"0":[0,4]},"meta":{"lastBranch":1,"lastFunction":1,"lastStatement":8,"seen":{"s:3:18:3:Infinity":0,"s:4:17:4:Infinity":1,"s:6:22:6:Infinity":2,"s:7:17:7:Infinity":3,"s:9:16:12:Infinity":4,"s:14:32:19:Infinity":5,"s:21:28:36:2":6,"f:21:28:21:Infinity":0,"s:22:2:32:Infinity":7,"b:30:22:30:33:30:33:30:Infinity":0},"fnNames":{}}}
,"/mnt/c/Users/Noxi-PC/Documents/CURSOS/REACT JS/Curso React JS Fernando Herrera Udemy/React/02-first-steps/src/helpers/math.helper.ts": {"path":"/mnt/c/Users/Noxi-PC/Documents/CURSOS/REACT JS/Curso React JS Fernando Herrera Udemy/React/02-first-steps/src/helpers/math.helper.ts","statementMap":{"0":{"start":{"line":1,"column":19},"end":{"line":5,"column":null}},"1":{"start":{"line":4,"column":2},"end":{"line":4,"column":null}},"2":{"start":{"line":7,"column":24},"end":{"line":9,"column":null}},"3":{"start":{"line":8,"column":2},"end":{"line":8,"column":null}},"4":{"start":{"line":11,"column":24},"end":{"line":13,"column":null}},"5":{"start":{"line":12,"column":2},"end":{"line":12,"column":null}},"6":{"start":{"line":16,"column":22},"end":{"line":18,"column":null}},"7":{"start":{"line":17,"column":2},"end":{"line":17,"column":null}}},"fnMap":{"0":{"name":"(anonymous_0)","decl":{"start":{"line":1,"column":19},"end":{"line":1,"column":20}},"loc":{"start":{"line":1,"column":31},"end":{"line":5,"column":null}},"line":1},"1":{"name":"(anonymous_1)","decl":{"start":{"line":7,"column":24},"end":{"line":7,"column":25}},"loc":{"start":{"line":7,"column":36},"end":{"line":9,"column":null}},"line":7},"2":{"name":"(anonymous_2)","decl":{"start":{"line":11,"column":24},"end":{"line":11,"column":25}},"loc":{"start":{"line":11,"column":36},"end":{"line":13,"column":null}},"line":11},"3":{"name":"(anonymous_3)","decl":{"start":{"line":16,"column":22},"end":{"line":16,"column":23}},"loc":{"start":{"line":16,"column":34},"end":{"line":18,"column":null}},"line":16}},"branchMap":{},"s":{"0":1,"1":2,"2":1,"3":2,"4":1,"5":4,"6":1,"7":1},"f":{"0":2,"1":2,"2":4,"3":1},"b":{},"meta":{"lastBranch":0,"lastFunction":4,"lastStatement":8,"seen":{"s:1:19:5:Infinity":0,"f:1:19:1:20":0,"s:4:2:4:Infinity":1,"s:7:24:9:Infinity":2,"f:7:24:7:25":1,"s:8:2:8:Infinity":3,"s:11:24:13:Infinity":4,"f:11:24:11:25":2,"s:12:2:12:Infinity":5,"s:16:22:18:Infinity":6,"f:16:22:16:23":3,"s:17:2:17:Infinity":7},"fnNames":{}}}
,"/mnt/c/Users/Noxi-PC/Documents/CURSOS/REACT JS/Curso React JS Fernando Herrera Udemy/React/02-first-steps/src/shopping-cart/ItemCounter.css": {"path":"/mnt/c/Users/Noxi-PC/Documents/CURSOS/REACT JS/Curso React JS Fernando Herrera Udemy/React/02-first-steps/src/shopping-cart/ItemCounter.css","statementMap":{},"fnMap":{},"branchMap":{},"s":{},"f":{},"b":{},"meta":{"lastBranch":0,"lastFunction":0,"lastStatement":0,"seen":{},"fnNames":{}}}
,"/mnt/c/Users/Noxi-PC/Documents/CURSOS/REACT JS/Curso React JS Fernando Herrera Udemy/React/02-first-steps/src/shopping-cart/ItemCounter.module.css": {"path":"/mnt/c/Users/Noxi-PC/Documents/CURSOS/REACT JS/Curso React JS Fernando Herrera Udemy/React/02-first-steps/src/shopping-cart/ItemCounter.module.css","statementMap":{},"fnMap":{},"branchMap":{},"s":{},"f":{},"b":{},"meta":{"lastBranch":0,"lastFunction":0,"lastStatement":0,"seen":{},"fnNames":{}}}
,"/mnt/c/Users/Noxi-PC/Documents/CURSOS/REACT JS/Curso React JS Fernando Herrera Udemy/React/02-first-steps/src/shopping-cart/ItemCounter.tsx": {"path":"/mnt/c/Users/Noxi-PC/Documents/CURSOS/REACT JS/Curso React JS Fernando Herrera Udemy/React/02-first-steps/src/shopping-cart/ItemCounter.tsx","statementMap":{"0":{"start":{"line":16,"column":20},"end":{"line":57,"column":null}},"1":{"start":{"line":19,"column":30},"end":{"line":19,"column":null}},"2":{"start":{"line":22,"column":22},"end":{"line":24,"column":null}},"3":{"start":{"line":23,"column":8},"end":{"line":23,"column":null}},"4":{"start":{"line":26,"column":25},"end":{"line":30,"column":null}},"5":{"start":{"line":27,"column":8},"end":{"line":27,"column":null}},"6":{"start":{"line":27,"column":25},"end":{"line":27,"column":null}},"7":{"start":{"line":29,"column":8},"end":{"line":29,"column":null}},"8":{"start":{"line":32,"column":4},"end":{"line":54,"column":null}}},"fnMap":{"0":{"name":"(anonymous_0)","decl":{"start":{"line":16,"column":20},"end":{"line":16,"column":21}},"loc":{"start":{"line":16,"column":50},"end":{"line":57,"column":null}},"line":16},"1":{"name":"(anonymous_1)","decl":{"start":{"line":22,"column":22},"end":{"line":22,"column":null}},"loc":{"start":{"line":22,"column":22},"end":{"line":24,"column":null}},"line":22},"2":{"name":"(anonymous_2)","decl":{"start":{"line":26,"column":25},"end":{"line":26,"column":null}},"loc":{"start":{"line":26,"column":25},"end":{"line":30,"column":null}},"line":26}},"branchMap":{"0":{"loc":{"start":{"line":16,"column":29},"end":{"line":16,"column":41}},"type":"default-arg","locations":[{"start":{"line":16,"column":40},"end":{"line":16,"column":41}}],"line":16},"1":{"loc":{"start":{"line":27,"column":8},"end":{"line":27,"column":null}},"type":"if","locations":[{"start":{"line":27,"column":8},"end":{"line":27,"column":null}},{"start":{},"end":{}}],"line":27},"2":{"loc":{"start":{"line":44,"column":23},"end":{"line":44,"column":null}},"type":"cond-expr","locations":[{"start":{"line":44,"column":38},"end":{"line":44,"column":46}},{"start":{"line":44,"column":46},"end":{"line":44,"column":null}}],"line":44}},"s":{"0":1,"1":10,"2":10,"3":2,"4":10,"5":1,"6":0,"7":1,"8":10},"f":{"0":10,"1":2,"2":1},"b":{"0":[10],"1":[0,1],"2":[4,6]},"meta":{"lastBranch":3,"lastFunction":3,"lastStatement":9,"seen":{"s:16:20:57:Infinity":0,"f:16:20:16:21":0,"b:16:40:16:41":0,"s:19:30:19:Infinity":1,"s:22:22:24:Infinity":2,"f:22:22:22:Infinity":1,"s:23:8:23:Infinity":3,"s:26:25:30:Infinity":4,"f:26:25:26:Infinity":2,"b:27:8:27:Infinity:undefined:undefined:undefined:undefined":1,"s:27:8:27:Infinity":5,"s:27:25:27:Infinity":6,"s:29:8:29:Infinity":7,"s:32:4:54:Infinity":8,"b:44:38:44:46:44:46:44:Infinity":2},"fnNames":{}}}
}
